<?xml version="1.0" encoding="UTF-8"?>
<!-- Generated by org.testng.reporters.JUnitReportReporter -->
<testsuite hostname="LAPTOP-8DQTGT16" failures="0" tests="1" name="runner.TestRunner" time="32.526" errors="0" timestamp="2024-08-25T08:00:58 IST" skipped="0">
  <testcase classname="runner.TestRunner" name="runScenario" time="32.526"/>
</testsuite> <!-- runner.TestRunner -->
