<?xml version="1.0" encoding="UTF-8"?>
<!-- Generated by org.testng.reporters.JUnitReportReporter -->
<testsuite hostname="LAPTOP-8DQTGT16" failures="0" tests="1" name="runner.TestRunner" time="7.524" errors="0" timestamp="2024-08-25T00:48:28 IST" skipped="0">
  <testcase classname="runner.TestRunner" name="runScenario" time="7.524"/>
</testsuite> <!-- runner.TestRunner -->
