<?xml version="1.0" encoding="UTF-8"?>
<!-- Generated by org.testng.reporters.JUnitReportReporter -->
<testsuite hostname="LAPTOP-8DQTGT16" failures="0" tests="3" name="runner.TestRunner" time="521.141" errors="0" timestamp="2024-08-25T22:45:42 IST" skipped="0">
  <testcase classname="runner.TestRunner" name="runScenario" time="133.938"/>
  <testcase classname="runner.TestRunner" name="runScenario" time="92.058"/>
  <testcase classname="runner.TestRunner" name="runScenario" time="295.145"/>
</testsuite> <!-- runner.TestRunner -->
