<?xml version="1.0" encoding="UTF-8"?>
<!-- Generated by org.testng.reporters.JUnitReportReporter -->
<testsuite hostname="LAPTOP-8DQTGT16" failures="0" tests="1" name="runner.TestRunner" time="17.425" errors="0" timestamp="2024-08-25T08:10:02 IST" skipped="0">
  <testcase classname="runner.TestRunner" name="runScenario" time="17.425"/>
</testsuite> <!-- runner.TestRunner -->
